<?xml version="1.0" encoding="UTF-8"?>
<!-- Generated by org.testng.reporters.JUnitReportReporter -->
<testsuite hostname="rameshs-MacBook-Pro.local" name="com.ecalix.tests.LoginTests" tests="2" failures="0" timestamp="1 Aug 2015 18:08:37 GMT" time="13.739" errors="0">
  <testcase name="Login02" time="6.772" classname="com.ecalix.tests.LoginTests"/>
  <testcase name="Login01" time="6.967" classname="com.ecalix.tests.LoginTests"/>
</testsuite> <!-- com.ecalix.tests.LoginTests -->
